2014/11/27 08:44:16 [error] [exception.CHttpException.404] exception 'CHttpException' with message 'Unable to resolve the request "images/favicon.png".' in C:\xampp\htdocs\gnsyii.local\framework\web\CWebApplication.php:286
Stack trace:
#0 C:\xampp\htdocs\gnsyii.local\framework\web\CWebApplication.php(141): CWebApplication->runController('images/favicon....')
#1 C:\xampp\htdocs\gnsyii.local\framework\base\CApplication.php(180): CWebApplication->processRequest()
#2 C:\xampp\htdocs\gnsyii.local\public\index.php(13): CApplication->run()
#3 {main}
REQUEST_URI=/images/favicon.png
---
2014/11/27 13:03:13 [error] [exception.CException] exception 'CException' with message 'Не определено свойство "News.meedia".' in C:\xampp\htdocs\gnsyii.local\framework\base\CComponent.php:130
Stack trace:
#0 C:\xampp\htdocs\gnsyii.local\framework\db\ar\CActiveRecord.php(145): CComponent->__get('meedia')
#1 C:\xampp\htdocs\gnsyii.local\framework\web\helpers\CHtml.php(2529): CActiveRecord->__get('meedia')
#2 C:\xampp\htdocs\gnsyii.local\framework\web\helpers\CHtml.php(1654): CHtml::resolveValue(Object(News), 'meedia')
#3 C:\xampp\htdocs\gnsyii.local\framework\web\widgets\CActiveForm.php(786): CHtml::activeTextArea(Object(News), 'meedia', Array)
#4 C:\xampp\htdocs\gnsyii.local\public\protected\modules\admin\views\news\_form.php(50): CActiveForm->textArea(Object(News), 'meedia', Array)
#5 C:\xampp\htdocs\gnsyii.local\framework\web\CBaseController.php(126): require('C:\\xampp\\htdocs...')
#6 C:\xampp\htdocs\gnsyii.local\framework\web\CBaseController.php(95): CBaseController->renderInternal('C:\\xampp\\htdocs...', Array, true)
#7 C:\xampp\htdocs\gnsyii.local\framework\web\CController.php(869): CBaseController->renderFile('C:\\xampp\\htdocs...', Array, true)
#8 C:\xampp\htdocs\gnsyii.local\public\protected\modules\admin\views\news\edit.php(17): CController->renderPartial('_form', Array)
#9 C:\xampp\htdocs\gnsyii.local\framework\web\CBaseController.php(126): require('C:\\xampp\\htdocs...')
#10 C:\xampp\htdocs\gnsyii.local\framework\web\CBaseController.php(95): CBaseController->renderInternal('C:\\xampp\\htdocs...', Array, true)
#11 C:\xampp\htdocs\gnsyii.local\framework\web\CController.php(869): CBaseController->renderFile('C:\\xampp\\htdocs...', Array, true)
#12 C:\xampp\htdocs\gnsyii.local\framework\web\CController.php(782): CController->renderPartial('edit', Array, true)
#13 C:\xampp\htdocs\gnsyii.local\public\protected\modules\admin\controllers\NewsController.php(100): CController->render('edit', Array)
#14 C:\xampp\htdocs\gnsyii.local\public\protected\modules\admin\components\AdminController.php(77): NewsController->renderForm(Object(News))
#15 [internal function]: AdminController->actionUpdate('1')
#16 C:\xampp\htdocs\gnsyii.local\framework\web\actions\CAction.php(108): ReflectionMethod->invokeArgs(Object(NewsController), Array)
#17 C:\xampp\htdocs\gnsyii.local\framework\web\actions\CInlineAction.php(47): CAction->runWithParamsInternal(Object(NewsController), Object(ReflectionMethod), Array)
#18 C:\xampp\htdocs\gnsyii.local\framework\web\CController.php(308): CInlineAction->runWithParams(Array)
#19 C:\xampp\htdocs\gnsyii.local\framework\web\filters\CFilterChain.php(133): CController->runAction(Object(CInlineAction))
#20 C:\xampp\htdocs\gnsyii.local\framework\web\filters\CFilter.php(40): CFilterChain->run()
#21 C:\xampp\htdocs\gnsyii.local\framework\web\CController.php(1145): CFilter->filter(Object(CFilterChain))
#22 C:\xampp\htdocs\gnsyii.local\framework\web\filters\CInlineFilter.php(58): CController->filterAccessControl(Object(CFilterChain))
#23 C:\xampp\htdocs\gnsyii.local\framework\web\filters\CFilterChain.php(130): CInlineFilter->filter(Object(CFilterChain))
#24 C:\xampp\htdocs\gnsyii.local\framework\web\CController.php(291): CFilterChain->run()
#25 C:\xampp\htdocs\gnsyii.local\framework\web\CController.php(265): CController->runActionWithFilters(Object(CInlineAction), Array)
#26 C:\xampp\htdocs\gnsyii.local\framework\web\CWebApplication.php(282): CController->run('update')
#27 C:\xampp\htdocs\gnsyii.local\framework\web\CWebApplication.php(141): CWebApplication->runController('admin/news/upda...')
#28 C:\xampp\htdocs\gnsyii.local\framework\base\CApplication.php(180): CWebApplication->processRequest()
#29 C:\xampp\htdocs\gnsyii.local\public\index.php(13): CApplication->run()
#30 {main}
REQUEST_URI=/admin/news/update/id/1/
HTTP_REFERER=http://gnsyii.local/admin/news/
---
2014/11/27 13:03:13 [error] [exception.CHttpException.404] exception 'CHttpException' with message 'Unable to resolve the request "favicon.ico".' in C:\xampp\htdocs\gnsyii.local\framework\web\CWebApplication.php:286
Stack trace:
#0 C:\xampp\htdocs\gnsyii.local\framework\web\CWebApplication.php(141): CWebApplication->runController('favicon.ico')
#1 C:\xampp\htdocs\gnsyii.local\framework\base\CApplication.php(180): CWebApplication->processRequest()
#2 C:\xampp\htdocs\gnsyii.local\public\index.php(13): CApplication->run()
#3 {main}
REQUEST_URI=/favicon.ico
---
2014/11/27 14:10:46 [warning] [application] Не удалось присвоить небезопасный атрибут "image" класса "News".
in C:\xampp\htdocs\gnsyii.local\public\protected\modules\admin\controllers\NewsController.php (54)
in C:\xampp\htdocs\gnsyii.local\public\protected\modules\admin\components\AdminController.php (77)
in C:\xampp\htdocs\gnsyii.local\public\index.php (13)
2014/11/27 14:35:06 [error] [php] Undefined index: img (C:\xampp\htdocs\gnsyii.local\public\protected\modules\admin\components\views\itemslist\list.php:15)
Stack trace:
#0 C:\xampp\htdocs\gnsyii.local\framework\web\widgets\CWidget.php(244): ItemsListWidget->renderFile()
#1 C:\xampp\htdocs\gnsyii.local\public\protected\modules\admin\components\ItemsListWidget.php(12): ItemsListWidget->render()
#2 C:\xampp\htdocs\gnsyii.local\framework\web\CBaseController.php(206): ItemsListWidget->run()
#3 C:\xampp\htdocs\gnsyii.local\public\protected\modules\admin\views\newscategory\list.php(25): NewsCategoryController->endWidget()
#4 C:\xampp\htdocs\gnsyii.local\framework\web\CBaseController.php(126): require()
#5 C:\xampp\htdocs\gnsyii.local\framework\web\CBaseController.php(95): NewsCategoryController->renderInternal()
#6 C:\xampp\htdocs\gnsyii.local\framework\web\CController.php(869): NewsCategoryController->renderFile()
#7 C:\xampp\htdocs\gnsyii.local\framework\web\CController.php(782): NewsCategoryController->renderPartial()
#8 C:\xampp\htdocs\gnsyii.local\public\protected\modules\admin\components\AdminController.php(59): NewsCategoryController->render()
#9 C:\xampp\htdocs\gnsyii.local\framework\web\actions\CInlineAction.php(49): NewsCategoryController->actionIndex()
#10 C:\xampp\htdocs\gnsyii.local\framework\web\CController.php(308): CInlineAction->runWithParams()
#11 C:\xampp\htdocs\gnsyii.local\framework\web\filters\CFilterChain.php(133): NewsCategoryController->runAction()
#12 C:\xampp\htdocs\gnsyii.local\framework\web\filters\CFilter.php(40): CFilterChain->run()
#13 C:\xampp\htdocs\gnsyii.local\framework\web\CController.php(1145): CAccessControlFilter->filter()
#14 C:\xampp\htdocs\gnsyii.local\framework\web\filters\CInlineFilter.php(58): NewsCategoryController->filterAccessControl()
#15 C:\xampp\htdocs\gnsyii.local\framework\web\filters\CFilterChain.php(130): CInlineFilter->filter()
#16 C:\xampp\htdocs\gnsyii.local\framework\web\CController.php(291): CFilterChain->run()
#17 C:\xampp\htdocs\gnsyii.local\framework\web\CController.php(265): NewsCategoryController->runActionWithFilters()
#18 C:\xampp\htdocs\gnsyii.local\framework\web\CWebApplication.php(282): NewsCategoryController->run()
#19 C:\xampp\htdocs\gnsyii.local\framework\web\CWebApplication.php(141): CWebApplication->runController()
#20 C:\xampp\htdocs\gnsyii.local\framework\base\CApplication.php(180): CWebApplication->processRequest()
#21 C:\xampp\htdocs\gnsyii.local\public\index.php(13): CWebApplication->run()
REQUEST_URI=/admin/newscategory/
in C:\xampp\htdocs\gnsyii.local\public\protected\modules\admin\components\views\itemslist\list.php (15)
in C:\xampp\htdocs\gnsyii.local\public\protected\modules\admin\components\ItemsListWidget.php (12)
in C:\xampp\htdocs\gnsyii.local\public\protected\modules\admin\views\newscategory\list.php (25)
2014/11/27 14:35:57 [error] [php] Undefined variable: size (C:\xampp\htdocs\gnsyii.local\public\protected\modules\admin\views\newscategory\edit.php:17)
Stack trace:
#0 C:\xampp\htdocs\gnsyii.local\framework\web\CController.php(869): NewsCategoryController->renderFile()
#1 C:\xampp\htdocs\gnsyii.local\framework\web\CController.php(782): NewsCategoryController->renderPartial()
#2 C:\xampp\htdocs\gnsyii.local\public\protected\modules\admin\components\AdminController.php(132): NewsCategoryController->render()
#3 C:\xampp\htdocs\gnsyii.local\public\protected\modules\admin\components\AdminController.php(68): NewsCategoryController->renderForm()
#4 C:\xampp\htdocs\gnsyii.local\framework\web\actions\CInlineAction.php(49): NewsCategoryController->actionCreate()
#5 C:\xampp\htdocs\gnsyii.local\framework\web\CController.php(308): CInlineAction->runWithParams()
#6 C:\xampp\htdocs\gnsyii.local\framework\web\filters\CFilterChain.php(133): NewsCategoryController->runAction()
#7 C:\xampp\htdocs\gnsyii.local\framework\web\filters\CFilter.php(40): CFilterChain->run()
#8 C:\xampp\htdocs\gnsyii.local\framework\web\CController.php(1145): CAccessControlFilter->filter()
#9 C:\xampp\htdocs\gnsyii.local\framework\web\filters\CInlineFilter.php(58): NewsCategoryController->filterAccessControl()
#10 C:\xampp\htdocs\gnsyii.local\framework\web\filters\CFilterChain.php(130): CInlineFilter->filter()
#11 C:\xampp\htdocs\gnsyii.local\framework\web\CController.php(291): CFilterChain->run()
#12 C:\xampp\htdocs\gnsyii.local\framework\web\CController.php(265): NewsCategoryController->runActionWithFilters()
#13 C:\xampp\htdocs\gnsyii.local\framework\web\CWebApplication.php(282): NewsCategoryController->run()
#14 C:\xampp\htdocs\gnsyii.local\framework\web\CWebApplication.php(141): CWebApplication->runController()
#15 C:\xampp\htdocs\gnsyii.local\framework\base\CApplication.php(180): CWebApplication->processRequest()
#16 C:\xampp\htdocs\gnsyii.local\public\index.php(13): CWebApplication->run()
REQUEST_URI=/admin/newscategory/create/
in C:\xampp\htdocs\gnsyii.local\public\protected\modules\admin\views\newscategory\edit.php (17)
in C:\xampp\htdocs\gnsyii.local\public\protected\modules\admin\components\AdminController.php (132)
in C:\xampp\htdocs\gnsyii.local\public\protected\modules\admin\components\AdminController.php (68)
